SF:lib/features/screens/ticket/presentation/widgets/icon_text_button.dart
DA:8,3
DA:19,3
DA:21,3
DA:22,3
DA:24,3
DA:25,3
DA:26,3
DA:27,9
DA:32,3
DA:35,3
DA:36,3
DA:37,3
DA:38,9
DA:41,3
DA:42,3
DA:43,12
DA:44,9
LF:17
LH:17
end_of_record
SF:lib/generated/l10n.dart
DA:16,14
DA:20,6
DA:21,6
DA:28,14
DA:29,28
DA:30,0
DA:31,14
DA:32,14
DA:33,42
DA:34,14
DA:35,14
DA:42,4
DA:43,4
DA:44,4
DA:49,4
DA:50,4
DA:54,2
DA:55,2
DA:59,2
DA:64,0
DA:65,0
DA:69,0
DA:74,2
DA:75,2
DA:79,2
DA:84,1
DA:85,1
DA:89,1
DA:94,5
DA:95,5
DA:99,5
DA:104,1
DA:105,1
DA:109,1
DA:114,3
DA:115,3
DA:119,3
DA:124,1
DA:125,1
DA:129,1
DA:134,2
DA:135,2
DA:139,2
DA:145,15
DA:147,14
DA:153,14
DA:154,14
DA:155,14
DA:156,14
DA:157,0
DA:160,14
DA:161,28
DA:162,42
LF:53
LH:48
end_of_record
SF:lib/features/screens/ticket/presentation/cubit/ticket_cubit.dart
DA:13,4
DA:15,1
DA:16,2
DA:17,1
DA:18,2
DA:19,2
DA:21,6
DA:24,4
DA:26,4
DA:30,6
DA:32,1
DA:34,3
DA:35,1
DA:36,1
DA:37,2
DA:38,2
DA:39,1
DA:40,1
DA:42,4
LF:19
LH:19
end_of_record
SF:lib/features/screens/ticket/presentation/widgets/ticket_header.dart
DA:10,12
DA:12,2
DA:14,2
DA:16,2
DA:17,2
DA:19,4
DA:20,0
DA:22,2
DA:24,4
DA:25,0
LF:10
LH:8
end_of_record
SF:lib/generated/intl/messages_all.dart
DA:22,42
DA:23,28
DA:26,14
DA:28,14
DA:29,14
DA:36,14
DA:37,14
DA:38,42
DA:39,0
DA:41,0
DA:43,28
DA:44,14
DA:45,42
DA:46,28
DA:47,14
DA:50,14
DA:52,14
DA:58,14
DA:60,14
DA:62,14
LF:20
LH:18
end_of_record
SF:lib/generated/intl/messages_en.dart
DA:16,42
DA:21,0
DA:24,28
DA:25,14
DA:26,14
DA:27,14
DA:28,14
DA:29,14
DA:30,14
DA:31,14
DA:32,14
DA:33,14
LF:12
LH:11
end_of_record
SF:lib/features/screens/ticket/presentation/widgets/number_selection_cell.dart
DA:6,3
DA:17,3
DA:19,3
DA:20,3
DA:21,3
DA:22,3
DA:23,3
DA:28,3
DA:29,3
DA:30,12
DA:31,9
LF:11
LH:11
end_of_record
SF:lib/features/screens/ticket/presentation/widgets/number_selection_board.dart
DA:11,2
DA:17,2
DA:19,2
DA:22,2
DA:28,2
DA:29,2
DA:30,2
DA:31,2
DA:32,4
DA:33,0
DA:34,0
DA:35,0
LF:12
LH:9
end_of_record
SF:lib/features/screens/ticket/presentation/cubit/ticket_state.dart
LF:0
LH:0
end_of_record
SF:lib/features/screens/ticket/presentation/ticket_screen.dart
DA:14,12
DA:16,1
DA:18,1
DA:19,1
DA:20,3
DA:22,1
DA:23,2
DA:32,12
DA:34,1
DA:36,1
DA:37,2
DA:38,1
DA:39,1
DA:40,1
DA:41,1
DA:43,1
DA:46,1
DA:48,1
DA:49,1
DA:50,2
DA:52,0
DA:55,1
DA:56,2
DA:57,4
DA:58,3
LF:25
LH:24
end_of_record
SF:lib/core/router/app_route.dart
DA:12,11
DA:14,0
DA:21,22
DA:23,0
DA:25,0
DA:26,0
DA:27,0
LF:7
LH:2
end_of_record
SF:lib/core/router/app_route.g.dart
DA:9,0
DA:10,0
DA:11,0
DA:14,0
DA:20,0
DA:22,0
DA:26,0
DA:28,0
DA:30,0
DA:31,0
DA:33,0
DA:36,0
DA:42,0
DA:44,0
DA:48,0
DA:50,0
DA:52,0
DA:53,0
DA:55,0
LF:19
LH:0
end_of_record
SF:lib/core/router/dialog_pages.dart
DA:6,0
DA:8,0
DA:9,0
DA:11,0
LF:4
LH:0
end_of_record
SF:lib/features/screens/draw/presentation/draw_screen.dart
DA:11,1
DA:18,1
DA:20,1
DA:21,1
DA:22,3
DA:24,1
DA:25,1
DA:26,1
DA:27,2
DA:28,3
DA:39,12
DA:43,1
DA:45,1
DA:47,1
DA:48,2
DA:49,2
DA:50,3
DA:51,1
DA:52,1
DA:53,1
DA:55,1
DA:57,1
DA:58,1
DA:59,2
DA:60,2
DA:61,1
DA:62,1
DA:63,1
DA:65,2
LF:29
LH:29
end_of_record
SF:lib/features/screens/draw/presentation/cubit/draw_cubit.dart
DA:14,4
DA:17,2
DA:18,4
DA:19,4
DA:20,2
DA:24,2
DA:26,6
DA:27,2
DA:28,4
DA:29,1
DA:30,2
DA:31,1
DA:32,3
DA:33,2
DA:34,1
DA:35,3
DA:36,3
DA:38,0
DA:41,0
DA:45,2
DA:47,4
DA:48,2
LF:22
LH:20
end_of_record
SF:lib/features/screens/draw/presentation/widgets/draw_board/draw_board.dart
DA:11,12
DA:13,2
DA:15,2
DA:16,2
DA:17,2
DA:18,2
DA:19,2
DA:20,4
DA:21,2
DA:23,2
DA:24,2
DA:29,2
DA:31,2
DA:33,2
DA:34,2
DA:35,2
DA:36,2
DA:37,2
DA:44,2
DA:61,2
DA:65,2
DA:67,6
DA:70,2
DA:71,2
DA:73,8
LF:25
LH:25
end_of_record
SF:lib/features/screens/draw/presentation/widgets/ticket_section/ticket_section.dart
DA:8,2
DA:14,2
DA:16,2
DA:18,2
DA:19,2
DA:20,6
DA:21,8
DA:22,6
DA:27,2
DA:31,2
DA:32,6
DA:33,2
LF:12
LH:12
end_of_record
SF:lib/features/screens/draw/presentation/enums/draw_board_section_type.dart
DA:9,4
DA:11,4
DA:12,8
DA:13,3
DA:14,6
LF:5
LH:5
end_of_record
SF:lib/features/screens/draw/presentation/utils/draw_board_section_color.dart
DA:5,5
DA:10,5
DA:11,15
DA:12,3
DA:13,9
LF:5
LH:5
end_of_record
SF:lib/features/screens/draw/presentation/widgets/draw_board/draw_board_header.dart
DA:11,3
DA:17,3
DA:19,3
DA:20,6
DA:21,8
DA:22,3
DA:24,12
DA:25,3
DA:26,6
DA:27,3
DA:29,3
DA:30,3
DA:32,3
DA:35,3
DA:37,3
LF:15
LH:15
end_of_record
SF:lib/features/screens/draw/presentation/widgets/draw_board/draw_board_section.dart
DA:12,3
DA:25,3
DA:27,3
DA:28,3
DA:29,3
DA:30,3
DA:32,3
DA:33,3
DA:34,3
DA:35,3
DA:38,3
DA:39,3
DA:49,3
DA:50,3
DA:51,9
DA:52,3
DA:60,3
DA:61,3
DA:62,3
DA:63,6
DA:64,2
DA:65,4
LF:22
LH:22
end_of_record
SF:lib/features/screens/draw/presentation/widgets/draw_board/draw_board_header_label.dart
DA:8,4
DA:18,4
DA:21,8
DA:22,4
DA:25,4
DA:26,4
DA:27,8
DA:28,16
DA:33,4
DA:34,4
DA:35,4
DA:43,4
DA:44,4
DA:45,8
DA:46,16
DA:47,12
LF:16
LH:16
end_of_record
SF:lib/features/screens/draw/presentation/widgets/draw_board/draw_board_section_label.dart
DA:6,4
DA:14,4
DA:16,4
DA:17,4
DA:18,4
DA:19,7
DA:26,4
DA:27,4
DA:28,4
DA:29,4
DA:30,16
DA:31,12
LF:12
LH:12
end_of_record
SF:lib/features/screens/draw/presentation/widgets/draw_board/draw_board_section_cell.dart
DA:14,4
DA:21,4
DA:22,4
DA:31,4
DA:33,4
DA:35,8
DA:42,8
DA:45,4
DA:46,8
DA:49,12
DA:50,4
DA:51,0
DA:56,4
DA:58,8
DA:59,4
DA:62,4
DA:64,4
DA:65,8
DA:66,20
DA:67,1
DA:69,4
DA:70,4
DA:71,4
DA:72,12
DA:75,4
DA:76,4
DA:77,4
DA:78,4
DA:80,8
DA:82,4
DA:83,4
DA:85,12
DA:87,4
DA:91,4
DA:92,12
DA:93,4
DA:94,4
DA:95,4
DA:96,4
DA:97,12
LF:40
LH:39
end_of_record
SF:lib/features/screens/draw/presentation/widgets/ticket_section/ticket_number_cell.dart
DA:12,3
DA:18,3
DA:20,3
DA:21,6
DA:22,12
DA:23,0
DA:24,3
DA:25,3
DA:28,3
DA:30,9
DA:31,3
DA:32,3
DA:33,9
DA:36,3
DA:37,6
DA:38,12
DA:40,9
DA:41,6
LF:18
LH:17
end_of_record
SF:lib/features/screens/draw/presentation/cubit/draw_state.dart
LF:0
LH:0
end_of_record
