SF:lib/features/screens/ticket/presentation/widgets/icon_text_button.dart
DA:8,3
DA:19,3
DA:21,3
DA:22,3
DA:24,3
DA:25,3
DA:26,3
DA:27,9
DA:32,3
DA:35,3
DA:36,3
DA:37,3
DA:38,9
DA:41,3
DA:42,3
DA:43,12
DA:44,9
LF:17
LH:17
end_of_record
SF:lib/generated/l10n.dart
DA:16,16
DA:20,9
DA:21,9
DA:28,16
DA:29,32
DA:30,0
DA:31,16
DA:32,16
DA:33,48
DA:34,16
DA:35,16
DA:42,4
DA:43,4
DA:44,4
DA:49,4
DA:50,4
DA:54,2
DA:55,2
DA:59,2
DA:64,2
DA:65,2
DA:69,2
DA:74,0
DA:75,0
DA:79,0
DA:84,2
DA:85,2
DA:89,2
DA:94,2
DA:95,2
DA:99,2
DA:104,7
DA:105,7
DA:109,7
DA:114,2
DA:115,2
DA:116,2
DA:119,2
DA:124,1
DA:125,1
DA:129,1
DA:134,1
DA:135,1
DA:139,1
DA:144,5
DA:145,5
DA:149,5
DA:154,1
DA:155,1
DA:159,1
DA:164,3
DA:165,3
DA:169,3
DA:175,18
DA:177,16
DA:183,16
DA:184,16
DA:185,16
DA:186,16
DA:187,1
DA:190,16
DA:191,32
DA:192,48
LF:63
LH:59
end_of_record
SF:lib/generated/intl/messages_all.dart
DA:22,48
DA:23,32
DA:26,16
DA:28,16
DA:29,16
DA:36,16
DA:37,16
DA:38,48
DA:39,0
DA:41,0
DA:43,32
DA:44,16
DA:45,48
DA:46,32
DA:47,16
DA:50,16
DA:52,16
DA:58,16
DA:60,16
DA:62,16
LF:20
LH:18
end_of_record
SF:lib/generated/intl/messages_en.dart
DA:16,48
DA:21,0
DA:23,4
DA:26,32
DA:27,16
DA:28,16
DA:29,16
DA:30,16
DA:31,16
DA:32,16
DA:34,16
DA:35,16
DA:36,16
DA:37,16
DA:38,16
LF:15
LH:14
end_of_record
SF:lib/features/screens/ticket/presentation/widgets/number_selection_cell.dart
DA:7,3
DA:18,3
DA:20,3
DA:21,3
DA:22,3
DA:23,3
DA:24,3
DA:25,4
DA:26,9
DA:31,3
DA:32,6
DA:33,12
DA:34,9
LF:13
LH:13
end_of_record
SF:lib/core/theme/cell_color_helper.dart
DA:4,7
DA:6,14
DA:8,0
DA:10,0
DA:12,0
DA:14,0
DA:16,0
DA:18,0
DA:20,0
LF:9
LH:2
end_of_record
SF:lib/features/screens/ticket/presentation/widgets/ticket_header.dart
DA:11,3
DA:14,2
DA:17,4
DA:18,2
DA:20,2
DA:21,2
DA:22,2
DA:23,8
DA:24,6
DA:28,2
DA:30,2
DA:31,2
DA:33,4
DA:34,0
DA:36,2
DA:38,4
DA:39,0
DA:40,0
DA:48,2
DA:49,2
DA:50,4
DA:51,2
DA:52,2
DA:54,4
LF:24
LH:21
end_of_record
SF:lib/features/screens/ticket/presentation/cubit/ticket_cubit.dart
DA:13,4
DA:15,1
DA:16,2
DA:17,1
DA:18,2
DA:19,2
DA:21,6
DA:24,4
DA:26,4
DA:30,6
DA:32,1
DA:34,3
DA:35,1
DA:36,1
DA:37,2
DA:38,2
DA:39,1
DA:40,1
DA:42,4
LF:19
LH:19
end_of_record
SF:lib/features/screens/ticket/presentation/cubit/ticket_state.dart
LF:0
LH:0
end_of_record
SF:lib/core/router/app_route.dart
DA:12,15
DA:14,0
DA:21,29
DA:23,0
DA:25,0
DA:26,0
DA:27,0
LF:7
LH:2
end_of_record
SF:lib/core/router/app_route.g.dart
DA:9,0
DA:10,0
DA:11,0
DA:14,0
DA:20,0
DA:22,2
DA:26,0
DA:28,0
DA:30,0
DA:31,0
DA:33,0
DA:36,0
DA:42,0
DA:44,2
DA:48,0
DA:50,0
DA:52,0
DA:53,0
DA:55,0
LF:19
LH:2
end_of_record
SF:lib/features/screens/draw/presentation/draw_screen.dart
DA:11,2
DA:18,2
DA:20,2
DA:21,2
DA:22,6
DA:24,2
DA:25,2
DA:26,2
DA:27,4
DA:28,6
DA:39,15
DA:43,2
DA:45,2
DA:47,2
DA:48,4
DA:49,4
DA:50,6
DA:51,2
DA:52,2
DA:53,2
DA:55,2
DA:57,2
DA:58,2
DA:59,4
DA:60,4
DA:61,2
DA:62,2
DA:63,2
DA:65,4
LF:29
LH:29
end_of_record
SF:lib/features/screens/ticket/presentation/ticket_screen.dart
DA:14,15
DA:16,1
DA:18,1
DA:19,1
DA:20,3
DA:22,1
DA:23,2
DA:32,15
DA:34,1
DA:36,1
DA:37,2
DA:38,1
DA:39,2
DA:40,1
DA:41,1
DA:42,1
DA:44,1
DA:47,1
DA:48,2
DA:49,1
DA:50,1
DA:51,2
DA:53,1
DA:54,1
DA:55,2
DA:59,1
DA:60,2
DA:61,4
DA:62,3
LF:29
LH:29
end_of_record
SF:lib/features/screens/ticket/presentation/widgets/number_selection_board.dart
DA:11,2
DA:17,2
DA:19,2
DA:22,2
DA:28,2
DA:29,2
DA:30,2
DA:32,4
DA:33,0
DA:34,0
DA:35,0
LF:11
LH:8
end_of_record
SF:lib/core/router/dialog_pages.dart
DA:6,0
DA:8,0
DA:9,0
DA:11,0
LF:4
LH:0
end_of_record
SF:lib/core/router/app_router.dart
DA:6,0
DA:8,0
DA:10,0
LF:3
LH:0
end_of_record
SF:lib/features/screens/draw/presentation/cubit/draw_cubit.dart
DA:14,6
DA:17,3
DA:18,6
DA:19,6
DA:20,3
DA:24,3
DA:26,9
DA:27,3
DA:28,6
DA:29,1
DA:30,2
DA:31,1
DA:32,3
DA:33,2
DA:34,1
DA:35,3
DA:36,3
DA:38,0
DA:41,0
DA:45,3
DA:47,6
DA:48,3
LF:22
LH:20
end_of_record
SF:lib/features/screens/draw/presentation/widgets/draw_board/draw_board.dart
DA:13,15
DA:15,3
DA:17,3
DA:18,3
DA:19,3
DA:20,3
DA:21,3
DA:23,3
DA:24,3
DA:26,3
DA:27,3
DA:28,3
DA:32,3
DA:34,3
DA:35,6
DA:36,9
DA:37,2
DA:38,3
DA:39,3
DA:41,3
LF:20
LH:20
end_of_record
SF:lib/features/screens/draw/presentation/widgets/ticket_section/ticket_section.dart
DA:8,3
DA:14,3
DA:16,3
DA:18,3
DA:19,3
DA:20,9
DA:21,12
DA:22,9
DA:27,3
DA:31,3
DA:32,9
DA:33,3
LF:12
LH:12
end_of_record
SF:lib/features/screens/draw/presentation/enums/draw_board_section_type.dart
DA:9,5
DA:11,5
DA:12,10
DA:13,4
DA:14,8
LF:5
LH:5
end_of_record
SF:lib/features/screens/draw/presentation/utils/draw_board_helper.dart
DA:8,4
DA:10,8
DA:12,8
DA:13,4
DA:16,3
DA:22,3
DA:24,3
DA:25,6
DA:27,3
DA:29,0
DA:32,9
DA:33,3
DA:34,9
DA:36,6
DA:37,9
DA:38,3
DA:41,3
DA:45,3
DA:47,3
DA:48,3
DA:49,6
DA:50,6
DA:54,5
DA:55,5
DA:58,5
DA:59,5
DA:60,5
LF:27
LH:26
end_of_record
SF:lib/features/screens/draw/presentation/utils/draw_board_section_color.dart
DA:5,7
DA:10,7
DA:11,21
DA:12,5
DA:13,15
LF:5
LH:5
end_of_record
SF:lib/features/screens/draw/presentation/widgets/draw_board/animated_ball_number_view.dart
DA:14,4
DA:20,4
DA:21,4
DA:32,4
DA:34,4
DA:35,8
DA:41,4
DA:43,8
DA:46,4
DA:47,8
DA:48,4
DA:49,4
DA:50,4
DA:51,4
DA:52,8
DA:55,12
DA:57,4
DA:59,8
DA:62,4
DA:63,8
DA:66,8
DA:69,4
DA:70,8
DA:73,8
DA:76,4
DA:77,8
DA:81,0
DA:83,0
DA:85,0
DA:86,0
DA:87,0
DA:88,0
DA:92,4
DA:94,8
DA:95,4
DA:98,4
DA:100,4
DA:101,4
DA:102,4
DA:103,4
DA:104,8
DA:105,8
DA:106,4
DA:107,8
DA:109,12
DA:112,4
DA:113,12
DA:114,4
DA:115,12
DA:118,20
DA:119,8
LF:51
LH:45
end_of_record
SF:lib/features/screens/draw/presentation/widgets/draw_board/draw_board_content.dart
DA:13,4
DA:24,4
DA:25,4
DA:33,4
DA:35,4
DA:37,8
DA:43,4
DA:44,8
DA:47,4
DA:48,4
DA:49,12
DA:51,12
DA:53,4
DA:54,8
DA:55,3
DA:56,6
DA:57,6
DA:62,8
DA:65,8
DA:66,4
DA:71,4
DA:73,8
DA:74,4
DA:77,0
DA:78,0
DA:79,0
DA:80,0
DA:83,4
DA:84,16
DA:87,0
DA:89,0
DA:91,0
DA:92,0
DA:93,0
DA:97,4
DA:99,4
DA:101,4
DA:102,4
DA:103,4
DA:104,4
DA:105,4
DA:106,8
DA:107,12
DA:108,4
DA:109,4
DA:111,4
DA:112,4
DA:116,8
DA:119,4
DA:123,8
DA:130,8
DA:131,3
DA:132,3
DA:133,3
DA:134,3
DA:135,9
DA:136,9
DA:139,3
DA:140,6
DA:141,6
LF:60
LH:51
end_of_record
SF:lib/features/screens/draw/presentation/widgets/draw_board/draw_board_header.dart
DA:11,4
DA:17,4
DA:19,4
DA:20,8
DA:21,12
DA:22,4
DA:24,13
DA:25,4
DA:26,8
DA:27,4
DA:29,4
DA:30,4
DA:32,4
DA:35,4
DA:37,4
LF:15
LH:15
end_of_record
SF:lib/features/screens/draw/presentation/widgets/draw_board/draw_board_section.dart
DA:12,5
DA:27,5
DA:29,5
DA:30,5
DA:31,5
DA:32,5
DA:34,5
DA:35,5
DA:36,5
DA:37,5
DA:40,5
DA:41,5
DA:51,5
DA:52,5
DA:54,15
DA:55,5
DA:57,10
DA:66,5
DA:67,5
DA:68,5
DA:69,10
DA:70,4
DA:71,8
LF:23
LH:23
end_of_record
SF:lib/features/screens/draw/presentation/widgets/draw_board/draw_board_header_label.dart
DA:8,5
DA:18,5
DA:21,10
DA:22,5
DA:25,5
DA:26,5
DA:27,10
DA:28,20
DA:33,5
DA:34,5
DA:35,5
DA:43,5
DA:44,5
DA:45,10
DA:46,20
DA:47,15
LF:16
LH:16
end_of_record
SF:lib/features/screens/draw/presentation/widgets/draw_board/draw_board_section_label.dart
DA:6,6
DA:14,6
DA:16,6
DA:17,6
DA:18,6
DA:19,9
DA:26,6
DA:27,6
DA:28,6
DA:29,6
DA:30,24
DA:31,18
LF:12
LH:12
end_of_record
SF:lib/features/screens/draw/presentation/widgets/draw_board/draw_board_section_cell.dart
DA:14,6
DA:23,6
DA:24,6
DA:33,6
DA:35,6
DA:36,12
DA:43,18
DA:44,6
DA:45,6
DA:48,12
DA:51,6
DA:52,6
DA:55,12
DA:58,12
DA:61,6
DA:63,12
DA:64,6
DA:67,2
DA:69,2
DA:70,8
DA:71,3
DA:72,1
DA:75,1
DA:76,2
DA:77,1
DA:82,6
DA:84,6
DA:87,6
DA:88,6
DA:89,6
DA:90,6
DA:91,6
DA:92,2
DA:94,6
DA:95,6
DA:96,6
DA:97,1
DA:98,2
DA:99,18
DA:100,6
DA:103,6
DA:104,1
DA:105,3
DA:106,4
DA:107,3
LF:45
LH:45
end_of_record
SF:lib/features/screens/draw/presentation/widgets/ticket_section/ticket_number_cell.dart
DA:12,4
DA:18,4
DA:20,4
DA:21,8
DA:22,16
DA:23,0
DA:24,4
DA:25,12
DA:26,4
DA:29,4
DA:31,4
DA:32,4
DA:36,4
DA:37,8
DA:38,16
DA:40,9
DA:41,9
LF:17
LH:16
end_of_record
SF:lib/features/screens/draw/presentation/cubit/draw_state.dart
LF:0
LH:0
end_of_record
